[    0.000000] Linux version 4.15.0-88-generic (buildd@lgw01-amd64-036) (gcc version 7.4.0 (Ubuntu 7.4.0-1ubuntu1~18.04.1)) #88-Ubuntu SMP Tue Feb 11 20:11:34 UTC 2020 (Ubuntu 4.15.0-88.88-generic 4.15.18)
[    0.000000] Command line: BOOT_IMAGE=/boot/vmlinuz-4.15.0-88-generic root=LABEL=cloudimg-rootfs ro console=tty1 console=ttyS0
[    0.000000] KERNEL supported cpus:
[    0.000000]   Intel GenuineIntel
[    0.000000]   AMD AuthenticAMD
[    0.000000]   Centaur CentaurHauls
[    0.000000] x86/fpu: Supporting XSAVE feature 0x001: 'x87 floating point registers'
[    0.000000] x86/fpu: Supporting XSAVE feature 0x002: 'SSE registers'
[    0.000000] x86/fpu: Supporting XSAVE feature 0x004: 'AVX registers'
[    0.000000] x86/fpu: xstate_offset[2]:  576, xstate_sizes[2]:  256
[    0.000000] x86/fpu: Enabled xstate features 0x7, context size is 832 bytes, using 'standard' format.
[    0.000000] e820: BIOS-provided physical RAM map:
[    0.000000] BIOS-e820: [mem 0x0000000000000000-0x000000000009fbff] usable
[    0.000000] BIOS-e820: [mem 0x000000000009fc00-0x000000000009ffff] reserved
[    0.000000] BIOS-e820: [mem 0x00000000000f0000-0x00000000000fffff] reserved
[    0.000000] BIOS-e820: [mem 0x0000000000100000-0x000000007e7effff] usable
[    0.000000] BIOS-e820: [mem 0x000000007e7f0000-0x000000007e7fffff] ACPI data
[    0.000000] BIOS-e820: [mem 0x00000000fec00000-0x00000000fec00fff] reserved
[    0.000000] BIOS-e820: [mem 0x00000000fee00000-0x00000000fee00fff] reserved
[    0.000000] BIOS-e820: [mem 0x00000000fffc0000-0x00000000ffffffff] reserved
[    0.000000] NX (Execute Disable) protection: active
[    0.000000] SMBIOS 2.5 present.
[    0.000000] DMI: innotek GmbH VirtualBox/VirtualBox, BIOS VirtualBox 12/01/2006
[    0.000000] Hypervisor detected: KVM
[    0.000000] e820: last_pfn = 0x7e7f0 max_arch_pfn = 0x400000000
[    0.000000] MTRR: Disabled
[    0.000000] x86/PAT: MTRRs disabled, skipping PAT initialization too.
[    0.000000] CPU MTRRs all blank - virtualized system.
[    0.000000] x86/PAT: Configuration [0-7]: WB  WT  UC- UC  WB  WT  UC- UC  
[    0.000000] found SMP MP-table at [mem 0x0009fff0-0x0009ffff]
[    0.000000] Scanning 1 areas for low memory corruption
[    0.000000] RAMDISK: [mem 0x35a6d000-0x36d2dfff]
[    0.000000] ACPI: Early table checksum verification disabled
[    0.000000] ACPI: RSDP 0x00000000000E0000 000024 (v02 VBOX  )
[    0.000000] ACPI: XSDT 0x000000007E7F0030 00003C (v01 VBOX   VBOXXSDT 00000001 ASL  00000061)
[    0.000000] ACPI: FACP 0x000000007E7F00F0 0000F4 (v04 VBOX   VBOXFACP 00000001 ASL  00000061)
[    0.000000] ACPI: DSDT 0x000000007E7F0470 002325 (v02 VBOX   VBOXBIOS 00000002 INTL 20180105)
[    0.000000] ACPI: FACS 0x000000007E7F0200 000040
[    0.000000] ACPI: FACS 0x000000007E7F0200 000040
[    0.000000] ACPI: APIC 0x000000007E7F0240 00005C (v02 VBOX   VBOXAPIC 00000001 ASL  00000061)
[    0.000000] ACPI: SSDT 0x000000007E7F02A0 0001CC (v01 VBOX   VBOXCPUT 00000002 INTL 20180105)
[    0.000000] No NUMA configuration found
[    0.000000] Faking a node at [mem 0x0000000000000000-0x000000007e7effff]
[    0.000000] NODE_DATA(0) allocated [mem 0x7e7c5000-0x7e7effff]
[    0.000000] kvm-clock: cpu 0, msr 0:7e744001, primary cpu clock
[    0.000000] kvm-clock: Using msrs 4b564d01 and 4b564d00
[    0.000000] kvm-clock: using sched offset of 3248598670 cycles
[    0.000000] clocksource: kvm-clock: mask: 0xffffffffffffffff max_cycles: 0x1cd42e4dffb, max_idle_ns: 881590591483 ns
[    0.000000] Zone ranges:
[    0.000000]   DMA      [mem 0x0000000000001000-0x0000000000ffffff]
[    0.000000]   DMA32    [mem 0x0000000001000000-0x000000007e7effff]
[    0.000000]   Normal   empty
[    0.000000]   Device   empty
[    0.000000] Movable zone start for each node
[    0.000000] Early memory node ranges
[    0.000000]   node   0: [mem 0x0000000000001000-0x000000000009efff]
[    0.000000]   node   0: [mem 0x0000000000100000-0x000000007e7effff]
[    0.000000] Reserved but unavailable: 98 pages
[    0.000000] Initmem setup node 0 [mem 0x0000000000001000-0x000000007e7effff]
[    0.000000] ACPI: PM-Timer IO Port: 0x4008
[    0.000000] IOAPIC[0]: apic_id 2, version 32, address 0xfec00000, GSI 0-23
[    0.000000] ACPI: INT_SRC_OVR (bus 0 bus_irq 0 global_irq 2 dfl dfl)
[    0.000000] ACPI: INT_SRC_OVR (bus 0 bus_irq 9 global_irq 9 low level)
[    0.000000] Using ACPI (MADT) for SMP configuration information
[    0.000000] smpboot: Allowing 2 CPUs, 0 hotplug CPUs
[    0.000000] PM: Registered nosave memory: [mem 0x00000000-0x00000fff]
[    0.000000] PM: Registered nosave memory: [mem 0x0009f000-0x0009ffff]
[    0.000000] PM: Registered nosave memory: [mem 0x000a0000-0x000effff]
[    0.000000] PM: Registered nosave memory: [mem 0x000f0000-0x000fffff]
[    0.000000] e820: [mem 0x7e800000-0xfebfffff] available for PCI devices
[    0.000000] Booting paravirtualized kernel on KVM
[    0.000000] clocksource: refined-jiffies: mask: 0xffffffff max_cycles: 0xffffffff, max_idle_ns: 7645519600211568 ns
[    0.000000] random: get_random_bytes called from start_kernel+0x99/0x4fd with crng_init=0
[    0.000000] setup_percpu: NR_CPUS:8192 nr_cpumask_bits:2 nr_cpu_ids:2 nr_node_ids:1
[    0.000000] percpu: Embedded 45 pages/cpu s147456 r8192 d28672 u1048576
[    0.000000] PV qspinlock hash table entries: 256 (order: 0, 4096 bytes)
[    0.000000] Built 1 zonelists, mobility grouping on.  Total pages: 509913
[    0.000000] Policy zone: DMA32
[    0.000000] Kernel command line: BOOT_IMAGE=/boot/vmlinuz-4.15.0-88-generic root=LABEL=cloudimg-rootfs ro console=tty1 console=ttyS0
[    0.000000] Memory: 1990684K/2072120K available (12300K kernel code, 2481K rwdata, 4264K rodata, 2428K init, 2712K bss, 81436K reserved, 0K cma-reserved)
[    0.000000] SLUB: HWalign=64, Order=0-3, MinObjects=0, CPUs=2, Nodes=1
[    0.000000] Kernel/User page tables isolation: enabled
[    0.000000] ftrace: allocating 39344 entries in 154 pages
[    0.004000] Hierarchical RCU implementation.
[    0.004000] 	RCU restricting CPUs from NR_CPUS=8192 to nr_cpu_ids=2.
[    0.004000] 	Tasks RCU enabled.
[    0.004000] RCU: Adjusting geometry for rcu_fanout_leaf=16, nr_cpu_ids=2
[    0.004000] NR_IRQS: 524544, nr_irqs: 440, preallocated irqs: 16
[    0.004000] Console: colour VGA+ 80x25
[    0.004000] console [tty1] enabled
[    0.004000] console [ttyS0] enabled
[    0.004000] ACPI: Core revision 20170831
[    0.004000] ACPI: 2 ACPI AML tables successfully acquired and loaded
[    0.004000] APIC: Switch to symmetric I/O mode setup
[    0.004000] x2apic enabled
[    0.004000] Switched APIC routing to physical x2apic.
[    0.004000] ..TIMER: vector=0x30 apic1=0 pin1=2 apic2=-1 pin2=-1
[    0.004000] tsc: Detected 1980.314 MHz processor
[    0.004000] Calibrating delay loop (skipped) preset value.. 3960.62 BogoMIPS (lpj=7921256)
[    0.004003] pid_max: default: 32768 minimum: 301
[    0.004580] Security Framework initialized
[    0.005112] Yama: becoming mindful.
[    0.005596] AppArmor: AppArmor initialized
[    0.006834] Dentry cache hash table entries: 262144 (order: 9, 2097152 bytes)
[    0.008452] Inode-cache hash table entries: 131072 (order: 8, 1048576 bytes)
[    0.009320] Mount-cache hash table entries: 4096 (order: 3, 32768 bytes)
[    0.010144] Mountpoint-cache hash table entries: 4096 (order: 3, 32768 bytes)
[    0.011200] Last level iTLB entries: 4KB 64, 2MB 8, 4MB 8
[    0.012002] Last level dTLB entries: 4KB 64, 2MB 0, 4MB 0, 1GB 4
[    0.012717] Spectre V1 : Mitigation: usercopy/swapgs barriers and __user pointer sanitization
[    0.013720] Spectre V2 : Mitigation: Full generic retpoline
[    0.014433] Spectre V2 : Spectre v2 / SpectreRSB mitigation: Filling RSB on context switch
[    0.015416] Speculative Store Bypass: Vulnerable
[    0.016037] MDS: Mitigation: Clear CPU buffers
[    0.016733] Freeing SMP alternatives memory: 36K
[    0.127022] smpboot: CPU0: Intel(R) Core(TM) i7-8550U CPU @ 1.80GHz (family: 0x6, model: 0x8e, stepping: 0xa)
[    0.128000] Performance Events: unsupported p6 CPU model 142 no PMU driver, software events only.
[    0.128000] Hierarchical SRCU implementation.
[    0.128000] NMI watchdog: Perf event create on CPU 0 failed with -2
[    0.128002] NMI watchdog: Perf NMI watchdog permanently disabled
[    0.128925] smp: Bringing up secondary CPUs ...
[    0.129638] x86: Booting SMP configuration:
[    0.130207] .... node  #0, CPUs:      #1
[    0.004000] kvm-clock: cpu 1, msr 0:7e744041, secondary cpu clock
[    0.132027] smp: Brought up 1 node, 2 CPUs
[    0.132626] smpboot: Max logical packages: 1
[    0.133267] smpboot: Total of 2 processors activated (7921.25 BogoMIPS)
[    0.136150] devtmpfs: initialized
[    0.136568] x86/mm: Memory block size: 128MB
[    0.137361] evm: security.selinux
[    0.137868] evm: security.SMACK64
[    0.138407] evm: security.SMACK64EXEC
[    0.139022] evm: security.SMACK64TRANSMUTE
[    0.140002] evm: security.SMACK64MMAP
[    0.140570] evm: security.apparmor
[    0.141112] evm: security.ima
[    0.141586] evm: security.capability
[    0.142176] clocksource: jiffies: mask: 0xffffffff max_cycles: 0xffffffff, max_idle_ns: 7645041785100000 ns
[    0.144007] futex hash table entries: 512 (order: 3, 32768 bytes)
[    0.144941] pinctrl core: initialized pinctrl subsystem
[    0.145751] RTC time: 22:06:06, date: 03/17/20
[    0.146552] NET: Registered protocol family 16
[    0.147250] audit: initializing netlink subsys (disabled)
[    0.148024] audit: type=2000 audit(1584482771.643:1): state=initialized audit_enabled=0 res=1
[    0.149181] cpuidle: using governor ladder
[    0.149181] cpuidle: using governor menu
[    0.149265] ACPI: bus type PCI registered
[    0.149863] acpiphp: ACPI Hot Plug PCI Controller Driver version: 0.5
[    0.152093] PCI: Using configuration type 1 for base access
[    0.152893] HugeTLB registered 2.00 MiB page size, pre-allocated 0 pages
[    0.153035] ACPI: Added _OSI(Module Device)
[    0.156007] ACPI: Added _OSI(Processor Device)
[    0.156658] ACPI: Added _OSI(3.0 _SCP Extensions)
[    0.157331] ACPI: Added _OSI(Processor Aggregator Device)
[    0.158127] ACPI: Added _OSI(Linux-Dell-Video)
[    0.158781] ACPI: Added _OSI(Linux-Lenovo-NV-HDMI-Audio)
[    0.160002] ACPI: Added _OSI(Linux-HPI-Hybrid-Graphics)
[    0.160971] ACPI: Executed 1 blocks of module-level executable AML code
[    0.164420] ACPI: Interpreter enabled
[    0.164974] ACPI: (supports S0 S5)
[    0.165483] ACPI: Using IOAPIC for interrupt routing
[    0.166368] PCI: Using host bridge windows from ACPI; if necessary, use "pci=nocrs" and report a bug
[    0.167822] ACPI: Enabled 2 GPEs in block 00 to 07
[    0.172799] ACPI: PCI Root Bridge [PCI0] (domain 0000 [bus 00-ff])
[    0.173686] acpi PNP0A03:00: _OSC: OS supports [ASPM ClockPM Segments MSI]
[    0.175018] acpi PNP0A03:00: _OSC: not requesting OS control; OS requires [ExtendedConfig ASPM ClockPM MSI]
[    0.176009] acpi PNP0A03:00: fail to add MMCONFIG information, can't access extended PCI configuration space under this bridge.
[    0.177600] PCI host bridge to bus 0000:00
[    0.178140] pci_bus 0000:00: root bus resource [io  0x0000-0x0cf7 window]
[    0.179092] pci_bus 0000:00: root bus resource [io  0x0d00-0xffff window]
[    0.180002] pci_bus 0000:00: root bus resource [mem 0x000a0000-0x000bffff window]
[    0.181116] pci_bus 0000:00: root bus resource [mem 0x7e800000-0xfdffffff window]
[    0.182196] pci_bus 0000:00: root bus resource [bus 00-ff]
[    0.184567] pci 0000:00:01.1: legacy IDE quirk: reg 0x10: [io  0x01f0-0x01f7]
[    0.185579] pci 0000:00:01.1: legacy IDE quirk: reg 0x14: [io  0x03f6]
[    0.186509] pci 0000:00:01.1: legacy IDE quirk: reg 0x18: [io  0x0170-0x0177]
[    0.187534] pci 0000:00:01.1: legacy IDE quirk: reg 0x1c: [io  0x0376]
[    0.206988] pci 0000:00:07.0: quirk: [io  0x4000-0x403f] claimed by PIIX4 ACPI
[    0.208011] pci 0000:00:07.0: quirk: [io  0x4100-0x410f] claimed by PIIX4 SMB
[    0.220000] ACPI: PCI Interrupt Link [LNKA] (IRQs 5 9 10 *11)
[    0.220000] ACPI: PCI Interrupt Link [LNKB] (IRQs 5 9 *10 11)
[    0.220096] ACPI: PCI Interrupt Link [LNKC] (IRQs 5 *9 10 11)
[    0.224085] ACPI: PCI Interrupt Link [LNKD] (IRQs 5 9 10 *11)
[    0.225275] SCSI subsystem initialized
[    0.225892] pci 0000:00:02.0: vgaarb: setting as boot VGA device
[    0.225892] pci 0000:00:02.0: vgaarb: VGA device added: decodes=io+mem,owns=io+mem,locks=none
[    0.228009] pci 0000:00:02.0: vgaarb: bridge control possible
[    0.228829] vgaarb: loaded
[    0.229286] ACPI: bus type USB registered
[    0.229897] usbcore: registered new interface driver usbfs
[    0.232016] usbcore: registered new interface driver hub
[    0.232795] usbcore: registered new device driver usb
[    0.233561] EDAC MC: Ver: 3.0.0
[    0.233561] PCI: Using ACPI for IRQ routing
[    0.233561] NetLabel: Initializing
[    0.233561] NetLabel:  domain hash size = 128
[    0.236005] NetLabel:  protocols = UNLABELED CIPSOv4 CALIPSO
[    0.236840] NetLabel:  unlabeled traffic allowed by default
[    0.237663] clocksource: Switched to clocksource kvm-clock
[    0.245557] VFS: Disk quotas dquot_6.6.0
[    0.246269] VFS: Dquot-cache hash table entries: 512 (order 0, 4096 bytes)
[    0.247318] AppArmor: AppArmor Filesystem Enabled
[    0.248060] pnp: PnP ACPI init
[    0.249317] pnp: PnP ACPI: found 3 devices
[    0.257534] clocksource: acpi_pm: mask: 0xffffff max_cycles: 0xffffff, max_idle_ns: 2085701024 ns
[    0.258849] NET: Registered protocol family 2
[    0.259656] TCP established hash table entries: 16384 (order: 5, 131072 bytes)
[    0.260799] TCP bind hash table entries: 16384 (order: 6, 262144 bytes)
[    0.261747] TCP: Hash tables configured (established 16384 bind 16384)
[    0.263324] UDP hash table entries: 1024 (order: 3, 32768 bytes)
[    0.264246] UDP-Lite hash table entries: 1024 (order: 3, 32768 bytes)
[    0.265299] NET: Registered protocol family 1
[    0.265931] pci 0000:00:00.0: Limiting direct PCI/PCI transfers
[    0.266812] pci 0000:00:01.0: Activating ISA DMA hang workarounds
[    0.267681] pci 0000:00:02.0: Video device with shadowed ROM at [mem 0x000c0000-0x000dffff]
[    0.268995] Unpacking initramfs...
[    0.487109] Freeing initrd memory: 19204K
[    0.487872] clocksource: tsc: mask: 0xffffffffffffffff max_cycles: 0x391713a193c, max_idle_ns: 881590779241 ns
[    0.489442] platform rtc_cmos: registered platform RTC device (no PNP device found)
[    0.490602] Scanning for low memory corruption every 60 seconds
[    0.492092] Initialise system trusted keyrings
[    0.492842] Key type blacklist registered
[    0.493508] workingset: timestamp_bits=36 max_order=19 bucket_order=0
[    0.495233] zbud: loaded
[    0.496180] squashfs: version 4.0 (2009/01/31) Phillip Lougher
[    0.497194] fuse init (API version 7.26)
[    0.500333] Key type asymmetric registered
[    0.500949] Asymmetric key parser 'x509' registered
[    0.501677] Block layer SCSI generic (bsg) driver version 0.4 loaded (major 246)
[    0.502784] io scheduler noop registered
[    0.503364] io scheduler deadline registered
[    0.504022] io scheduler cfq registered (default)
[    0.504937] ACPI: AC Adapter [AC] (on-line)
[    0.505599] input: Power Button as /devices/LNXSYSTM:00/LNXPWRBN:00/input/input0
[    0.506705] ACPI: Power Button [PWRF]
[    0.507305] input: Sleep Button as /devices/LNXSYSTM:00/LNXSLPBN:00/input/input1
[    0.508429] ACPI: Sleep Button [SLPF]
[    0.509858] ACPI: Battery Slot [BAT0] (battery present)
[    0.510725] Serial: 8250/16550 driver, 32 ports, IRQ sharing enabled
[    0.532122] 00:02: ttyS0 at I/O 0x3f8 (irq = 4, base_baud = 115200) is a 16550A
[    0.536008] Linux agpgart interface v0.103
[    0.538331] loop: module loaded
[    0.539269] scsi host0: ata_piix
[    0.539903] scsi host1: ata_piix
[    0.541212] ata1: PATA max UDMA/33 cmd 0x1f0 ctl 0x3f6 bmdma 0xd000 irq 14
[    0.543245] ata2: PATA max UDMA/33 cmd 0x170 ctl 0x376 bmdma 0xd008 irq 15
[    0.544598] libphy: Fixed MDIO Bus: probed
[    0.545220] tun: Universal TUN/TAP device driver, 1.6
[    0.546062] PPP generic driver version 2.4.2
[    0.546820] ehci_hcd: USB 2.0 'Enhanced' Host Controller (EHCI) Driver
[    0.547766] ehci-pci: EHCI PCI platform driver
[    0.548504] ehci-platform: EHCI generic platform driver
[    0.549283] ohci_hcd: USB 1.1 'Open' Host Controller (OHCI) Driver
[    0.550157] ohci-pci: OHCI PCI platform driver
[    0.550819] ohci-platform: OHCI generic platform driver
[    0.551575] uhci_hcd: USB Universal Host Controller Interface driver
[    0.552545] i8042: PNP: PS/2 Controller [PNP0303:PS2K,PNP0f03:PS2M] at 0x60,0x64 irq 1,12
[    0.554102] serio: i8042 KBD port at 0x60,0x64 irq 1
[    0.554868] serio: i8042 AUX port at 0x60,0x64 irq 12
[    0.555719] mousedev: PS/2 mouse device common for all mice
[    0.557237] rtc_cmos rtc_cmos: rtc core: registered rtc_cmos as rtc0
[    0.558228] rtc_cmos rtc_cmos: alarms up to one day, 114 bytes nvram
[    0.559123] input: AT Translated Set 2 keyboard as /devices/platform/i8042/serio0/input/input2
[    0.560436] i2c /dev entries driver
[    0.561090] device-mapper: uevent: version 1.0.3
[    0.561810] device-mapper: ioctl: 4.37.0-ioctl (2017-09-20) initialised: dm-devel@redhat.com
[    0.563106] ledtrig-cpu: registered to indicate activity on CPUs
[    0.564273] NET: Registered protocol family 10
[    0.567808] Segment Routing with IPv6
[    0.568402] NET: Registered protocol family 17
[    0.569106] Key type dns_resolver registered
[    0.569872] mce: Using 0 MCE banks
[    0.570398] RAS: Correctable Errors collector initialized.
[    0.571207] sched_clock: Marking stable (569853419, 0)->(706495170, -136641751)
[    0.572817] registered taskstats version 1
[    0.573449] Loading compiled-in X.509 certificates
[    0.575853] Loaded X.509 cert 'Build time autogenerated kernel key: f0020782f0d3a548186fb3f47aed88387a71e859'
[    0.577329] zswap: loaded using pool lzo/zbud
[    0.580468] Key type big_key registered
[    0.581060] Key type trusted registered
[    0.582899] Key type encrypted registered
[    0.583511] AppArmor: AppArmor sha1 policy hashing enabled
[    0.584330] ima: No TPM chip found, activating TPM-bypass! (rc=-19)
[    0.585218] ima: Allocated hash algorithm: sha1
[    0.585888] evm: HMAC attrs: 0x1
[    0.586575]   Magic number: 12:657:148
[    0.587264] rtc_cmos rtc_cmos: setting system clock to 2020-03-17 22:06:06 UTC (1584482766)
[    0.588599] BIOS EDD facility v0.16 2004-Jun-25, 0 devices found
[    0.589496] EDD information not available.
[    0.743598] Freeing unused kernel image memory: 2428K
[    1.427131] Write protecting the kernel read-only data: 20480k
[    1.433388] Freeing unused kernel image memory: 2008K
[    1.435265] Freeing unused kernel image memory: 1880K
[    1.447617] x86/mm: Checked W+X mappings: passed, no W+X pages found.
[    1.449415] x86/mm: Checking user space page tables
[    1.459134] x86/mm: Checked W+X mappings: passed, no W+X pages found.
Loading, please wait...
starting version 237
[    1.517937] e1000: Intel(R) PRO/1000 Network Driver - version 7.3.21-k8-NAPI
[    1.518913] e1000: Copyright (c) 1999-2006 Intel Corporation.
[    1.521812] Fusion MPT base driver 3.04.20
[    1.522354] Copyright (c) 1999-2008 LSI Corporation
[    1.529527] Fusion MPT SPI Host driver 3.04.20
[    1.538543] AVX2 version of gcm_enc/dec engaged.
[    1.539199] AES CTR mode by8 optimization enabled
[    1.729065] input: ImExPS/2 Generic Explorer Mouse as /devices/platform/i8042/serio1/input/input4
[    1.871632] e1000 0000:00:03.0 eth0: (PCI:33MHz:32-bit) 02:63:41:f1:0e:ed
[    1.872831] e1000 0000:00:03.0 eth0: Intel(R) PRO/1000 Network Connection
[    1.874797] mptbase: ioc0: Initiating bringup
[    1.969270] ioc0: LSI53C1030 A0: Capabilities={Initiator}
[    2.217735] scsi host2: ioc0: LSI53C1030 A0, FwRev=00000000h, Ports=1, MaxQ=256, IRQ=20
[    2.384478] scsi 2:0:0:0: Direct-Access     VBOX     HARDDISK         1.0  PQ: 0 ANSI: 5
[    2.416074] scsi target2:0:0: Beginning Domain Validation
[    2.455324] scsi target2:0:0: Domain Validation skipping write tests
[    2.456555] scsi target2:0:0: Ending Domain Validation
[    2.465323] scsi target2:0:0: asynchronous
[    2.477832] scsi 2:0:1:0: Direct-Access     VBOX     HARDDISK         1.0  PQ: 0 ANSI: 5
[    2.684095] scsi target2:0:1: Beginning Domain Validation
[    2.688667] random: fast init done
[    2.689281] scsi target2:0:1: Domain Validation skipping write tests
[    2.690264] scsi target2:0:1: Ending Domain Validation
[    2.691138] scsi target2:0:1: asynchronous
[    2.694643] random: systemd-udevd: uninitialized urandom read (16 bytes read)
[    2.695874] random: systemd-udevd: uninitialized urandom read (16 bytes read)
[    2.697024] random: systemd-udevd: uninitialized urandom read (16 bytes read)
[    2.698308] sd 2:0:0:0: Attached scsi generic sg0 type 0
[    2.699333] sd 2:0:0:0: [sda] 20971520 512-byte logical blocks: (10.7 GB/10.0 GiB)
[    2.699391] sd 2:0:1:0: Attached scsi generic sg1 type 0
[    2.701183] sd 2:0:0:0: [sda] Write Protect is off
[    2.701931] sd 2:0:1:0: [sdb] 20480 512-byte logical blocks: (10.5 MB/10.0 MiB)
[    2.702996] sd 2:0:1:0: [sdb] Write Protect is off
[    2.703614] sd 2:0:0:0: [sda] Incomplete mode parameter data
[    2.704320] sd 2:0:0:0: [sda] Assuming drive cache: write through
[    2.705205] sd 2:0:1:0: [sdb] Incomplete mode parameter data
[    2.705919] sd 2:0:1:0: [sdb] Assuming drive cache: write through
[    2.709122]  sda: sda1
[    2.710347] sd 2:0:0:0: [sda] Attached SCSI disk
[    2.711200] sd 2:0:1:0: [sdb] Attached SCSI disk
[    2.744455] e1000 0000:00:08.0 eth1: (PCI:33MHz:32-bit) 08:00:27:21:75:3e
[    2.745433] e1000 0000:00:08.0 eth1: Intel(R) PRO/1000 Network Connection
[    2.747100] e1000 0000:00:08.0 enp0s8: renamed from eth1
[    2.764466] e1000 0000:00:03.0 enp0s3: renamed from eth0
Begin: Loading essential drivers ... [    4.205064] raid6: sse2x1   gen() 15779 MB/s
[    4.265514] raid6: sse2x1   xor() 12552 MB/s
[    4.313816] raid6: sse2x2   gen() 17322 MB/s
[    4.360025] raid6: sse2x2   xor() 10673 MB/s
[    4.408391] raid6: sse2x4   gen() 18473 MB/s
[    4.464132] raid6: sse2x4   xor() 13241 MB/s
[    4.519944] raid6: avx2x1   gen() 30917 MB/s
[    4.575743] raid6: avx2x1   xor() 17500 MB/s
[    4.628170] raid6: avx2x2   gen() 32703 MB/s
[    4.684368] raid6: avx2x2   xor() 22917 MB/s
[    4.732020] raid6: avx2x4   gen() 33838 MB/s
[    4.783799] raid6: avx2x4   xor() 22824 MB/s
[    4.784415] raid6: using algorithm avx2x4 gen() 33838 MB/s
[    4.785068] raid6: .... xor() 22824 MB/s, rmw enabled
[    4.785688] raid6: using avx2x2 recovery algorithm
[    4.787838] xor: automatically using best checksumming function   avx       
[    4.790479] async_tx: api initialized (async)
done.
Begin: Running /scripts/init-premount ... done.
Begin: Mounting root file system ... Begin: Running /scripts/local-top ... done.
Begin: Running /scripts/local-premount ... [    4.829971] Btrfs loaded, crc32c=crc32c-intel
Scanning for Btrfs filesystems
done.
Warning: fsck not present, so skipping root file system
[    4.984324] EXT4-fs (sda1): mounted filesystem with ordered data mode. Opts: (null)
done.
Begin: Running /scripts/local-bottom ... done.
Begin: Running /scripts/init-bottom ... done.
[    5.579529] ip_tables: (C) 2000-2006 Netfilter Core Team
[    5.594411] systemd[1]: systemd 237 running in system mode. (+PAM +AUDIT +SELINUX +IMA +APPARMOR +SMACK +SYSVINIT +UTMP +LIBCRYPTSETUP +GCRYPT +GNUTLS +ACL +XZ +LZ4 +SECCOMP +BLKID +ELFUTILS +KMOD -IDN2 +IDN -PCRE2 default-hierarchy=hybrid)
[    5.599042] systemd[1]: Detected virtualization oracle.
[    5.600195] systemd[1]: Detected architecture x86-64.

Welcome to [1mUbuntu 18.04.4 LTS[0m!

[    5.608435] systemd[1]: Set hostname to <ubuntu>.
[    5.613833] systemd[1]: Initializing machine ID from random generator.
[    5.615956] systemd[1]: Installed transient /etc/machine-id file.
[    6.088022] systemd[1]: Reached target Swap.
[[0;32m  OK  [0m] Reached target Swap.
[    6.093099] systemd[1]: Reached target User and Group Name Lookups.
[[0;32m  OK  [0m] Reached target User and Group Name Lookups.
[    6.101024] systemd[1]: Created slice System Slice.
[[0;32m  OK  [0m] Created slice System Slice.
[    6.103853] systemd[1]: Listening on Network Service Netlink Socket.
[[0;32m  OK  [0m] Listening on Network Service Netlink Socket.
[[0;32m  OK  [0m] Listening on /dev/initctl Compatibility Named Pipe.
[[0;32m  OK  [0m] Listening on Journal Socket (/dev/log).
[[0;32m  OK  [0m] Listening on Syslog Socket.
[[0;32m  OK  [0m] Listening on Journal Socket.
         Starting Create list of required st…ce nodes for the current kernel...
         Starting Load Kernel Modules...
         Starting Remount Root and Kernel File Systems...
         Mounting Huge Pages File System...
[[0;32m  OK  [0m] Listening on Device-mapper event daemon FIFOs.
         Starting Set the console keyboard layout...
[[0;32m  OK  [0m] Created slice User and Session Slice.
[[0;32m  OK  [0m] Listening on LVM2 poll daemon socket.
         Mounting Kernel Debug File System...
[[0;32m  OK  [0m] Set up automount Arbitrary Executab…rmats File System Automount Point.
[    6.134924] Loading iSCSI transport class v2.0-870.
[[0;32m  OK  [0m] Listening on udev Control Socket.
[[0;32m  OK  [0m] Listening on LVM2 metadata daemon socket.
         Starting Monitoring of LVM2 mirrors…ng dmeventd or progress polling...
[[0;32m  OK  [0m] Listening on Journal Audit Socket.
[    6.140746] iscsi: registered transport (tcp)
         Starting Journal Service...
         Mounting POSIX Message Queue File System...
[[0;32m  OK  [0m] Started Forward Password Requests to Wall Directory Watch.
[[0;32m  OK  [0m] Listening on udev Kernel Socket.
         Starting udev Coldplug all Devices...
[[0;32m  OK  [0m] Created slice system-serial\x2dgetty.slice.
[[0;32m  OK  [0m] Reached target Slices.
         Starting Uncomplicated firewall...
[[0;32m  OK  [0m] Reached target System Time Synchronized.
[[0;32m  OK  [0m] Started Create list of required sta…vice nodes for the current kernel.
[[0;32m  OK  [0m] Started LVM2 metadata daemon.
         Starting Create Static Device Nodes in /dev...
[[0;32m  OK  [0m] Mounted Kernel Debug File System.
[[0;32m  OK  [0m] Mounted POSIX Message Queue File System.
[[0;32m  OK  [0m] Mounted Huge Pages File System.
[[0;32m  OK  [0m] Started Journal Service.
[[0;32m  OK  [0m] Started Uncomplicated firewall.
[    6.304158] EXT4-fs (sda1): re-mounted. Opts: (null)
[[0;32m  OK  [0m] Started Remount Root and Kernel File Systems.
         Starting Load/Save Random Seed...
         Starting Flush Journal to Persistent Storage...
[[0;32m  OK  [0m] Started Load/Save Random Seed.
[[0;32m  OK  [0m] Started udev Coldplug all Devices.
[    6.344218] systemd-journald[400]: Received request to flush runtime journal from PID 1
[[0;32m  OK  [0m] Started Monitoring of LVM2 mirrors,…sing dmeventd or progress polling.
[[0;32m  OK  [0m] Started Create Static Device Nodes in /dev.
         Starting udev Kernel Device Manager...
[    6.408819] iscsi: registered transport (iser)
[[0;32m  OK  [0m] Started Load Kernel Modules.
         Mounting FUSE Control File System...
         Starting Apply Kernel Variables...
         Mounting Kernel Configuration File System...
[[0;32m  OK  [0m] Mounted Kernel Configuration File System.
[[0;32m  OK  [0m] Mounted FUSE Control File System.
[[0;32m  OK  [0m] Started Set the console keyboard layout.
[[0;32m  OK  [0m] Reached target Local File Systems (Pre).
[[0;32m  OK  [0m] Reached target Local File Systems.
         Starting Tell Plymouth To Write Out Runtime Data...
         Starting Commit a transient machine-id on disk...
         Starting ebtables ruleset management...
         Starting AppArmor initialization...
         Starting Set console font and keymap...
[[0;32m  OK  [0m] Started Flush Journal to Persistent Storage.
         Starting Create Volatile Files and Directories...
[[0;32m  OK  [0m] Started udev Kernel Device Manager.
[[0;32m  OK  [0m] Started Dispatch Password Requests to Console Directory Watch.
[[0;32m  OK  [0m] Reached target Local Encrypted Volumes.
[[0;32m  OK  [0m] Started Tell Plymouth To Write Out Runtime Data.
[[0;32m  OK  [0m] Started Apply Kernel Variables.
[[0;32m  OK  [0m] Started Set console font and keymap.
[[0;32m  OK  [0m] Started Create Volatile Files and Directories.
         Starting Update UTMP about System Boot/Shutdown...
[[0;32m  OK  [0m] Started Update UTMP about System Boot/Shutdown.
[[0;32m  OK  [0m] Started Commit a transient machine-id on disk.
[[0;32m  OK  [0m] Started ebtables ruleset management.
[[0;32m  OK  [0m] Found device /dev/ttyS0.
[[0;32m  OK  [0m] Listening on Load/Save RF Kill Switch Status /dev/rfkill Watch.
[[0;32m  OK  [0m] Started AppArmor initialization.
         Starting Initial cloud-init job (pre-networking)...
[    8.817142] cloud-init[552]: Cloud-init v. 19.4-33-gbb4131a2-0ubuntu1~18.04.1 running 'init-local' at Tue, 17 Mar 2020 22:06:14 +0000. Up 8.27 seconds.
[[0;32m  OK  [0m] Started Initial cloud-init job (pre-networking).
[[0;32m  OK  [0m] Reached target Network (Pre).
         Starting Network Service...
[[0;32m  OK  [0m] Started Network Service.
         Starting Network Name Resolution...
         Starting Wait for Network to be Configured...
[[0;32m  OK  [0m] Started Network Name Resolution.
[[0;32m  OK  [0m] Reached target Host and Network Name Lookups.
[[0;32m  OK  [0m] Reached target Network.
[[0;32m  OK  [0m] Started Wait for Network to be Configured.
         Starting Initial cloud-init job (metadata service crawler)...
[   10.774912] cloud-init[671]: Cloud-init v. 19.4-33-gbb4131a2-0ubuntu1~18.04.1 running 'init' at Tue, 17 Mar 2020 22:06:16 +0000. Up 10.64 seconds.
[   10.776170] cloud-init[671]: ci-info: ++++++++++++++++++++++++++++++++++++++Net device info++++++++++++++++++++++++++++++++++++++
[   10.777472] cloud-init[671]: ci-info: +--------+-------+---------------------------+---------------+--------+-------------------+
[   10.778752] cloud-init[671]: ci-info: | Device |   Up  |          Address          |      Mask     | Scope  |     Hw-Address    |
[   10.780077] cloud-init[671]: ci-info: +--------+-------+---------------------------+---------------+--------+-------------------+
[   10.781348] cloud-init[671]: ci-info: | enp0s3 |  True |         10.0.2.15         | 255.255.255.0 | global | 02:63:41:f1:0e:ed |
[   10.782601] cloud-init[671]: ci-info: | enp0s3 |  True | fe80::63:41ff:fef1:eed/64 |       .       |  link  | 02:63:41:f1:0e:ed |
[   10.783872] cloud-init[671]: ci-info: | enp0s8 | False |             .             |       .       |   .    | 08:00:27:21:75:3e |
[   10.785117] cloud-init[671]: ci-info: |   lo   |  True |         127.0.0.1         |   255.0.0.0   |  host  |         .         |
[   10.786346] cloud-init[671]: ci-info: |   lo   |  True |          ::1/128          |       .       |  host  |         .         |
[   10.787597] cloud-init[671]: ci-info: +--------+-------+---------------------------+---------------+--------+-------------------+
[   10.788846] cloud-init[671]: ci-info: ++++++++++++++++++++++++++++Route IPv4 info+++++++++++++++++++++++++++++
[   10.789925] cloud-init[671]: ci-info: +-------+-------------+----------+-----------------+-----------+-------+
[   10.791255] cloud-init[671]: ci-info: | Route | Destination | Gateway  |     Genmask     | Interface | Flags |
[   10.792390] cloud-init[671]: ci-info: +-------+-------------+----------+-----------------+-----------+-------+
[   10.793405] cloud-init[671]: ci-info: |   0   |   0.0.0.0   | 10.0.2.2 |     0.0.0.0     |   enp0s3  |   UG  |
[   10.794523] cloud-init[671]: ci-info: |   1   |   10.0.2.0  | 0.0.0.0  |  255.255.255.0  |   enp0s3  |   U   |
[   10.795583] cloud-init[671]: ci-info: |   2   |   10.0.2.2  | 0.0.0.0  | 255.255.255.255 |   enp0s3  |   UH  |
[   10.796687] cloud-init[671]: ci-info: +-------+-------------+----------+-----------------+-----------+-------+
[   10.797767] cloud-init[671]: ci-info: +++++++++++++++++++Route IPv6 info+++++++++++++++++++
[   10.798685] cloud-init[671]: ci-info: +-------+-------------+---------+-----------+-------+
[   10.799603] cloud-init[671]: ci-info: | Route | Destination | Gateway | Interface | Flags |
[   10.800522] cloud-init[671]: ci-info: +-------+-------------+---------+-----------+-------+
[   10.801454] cloud-init[671]: ci-info: |   1   |  fe80::/64  |    ::   |   enp0s3  |   U   |
[   10.802360] cloud-init[671]: ci-info: |   3   |    local    |    ::   |   enp0s3  |   U   |
[   10.803267] cloud-init[671]: ci-info: |   4   |   ff00::/8  |    ::   |   enp0s3  |   U   |
[   10.804192] cloud-init[671]: ci-info: +-------+-------------+---------+-----------+-------+
[   12.118769] cloud-init[671]: Generating public/private rsa key pair.
[   12.119469] cloud-init[671]: Your identification has been saved in /etc/ssh/ssh_host_rsa_key.
[   12.120295] cloud-init[671]: Your public key has been saved in /etc/ssh/ssh_host_rsa_key.pub.
[   12.121150] cloud-init[671]: The key fingerprint is:
[   12.121681] cloud-init[671]: SHA256:2DqHgh5FG9Im6+KsyEg7UquB2v3kGuddWSooE+c4u8A root@ubuntu-bionic
[   12.122491] cloud-init[671]: The key's randomart image is:
[   12.123027] cloud-init[671]: +---[RSA 2048]----+
[   12.123518] cloud-init[671]: |                 |
[   12.124194] cloud-init[671]: |   .             |
[   12.124733] cloud-init[671]: |  o =            |
[   12.125348] cloud-init[671]: |   * o o         |
[   12.125938] cloud-init[671]: |  . + o S   .    |
[   12.126539] cloud-init[671]: |.o.o = +   +     |
[   12.127052] cloud-init[671]: |+oE.B O o +      |
[   12.127638] cloud-init[671]: |X*o+ % + o       |
[   12.128246] cloud-init[671]: |O*+ =++ .        |
[   12.128845] cloud-init[671]: +----[SHA256]-----+
[   12.129428] cloud-init[671]: Generating public/private dsa key pair.
[   12.130204] cloud-init[671]: Your identification has been saved in /etc/ssh/ssh_host_dsa_key.
[   12.131203] cloud-init[671]: Your public key has been saved in /etc/ssh/ssh_host_dsa_key.pub.
[   12.132219] cloud-init[671]: The key fingerprint is:
[   12.132812] cloud-init[671]: SHA256:ir4Yww5eApwb5WPsGOsw8TWQse+w18rQqud1jg5cFS8 root@ubuntu-bionic
[   12.133834] cloud-init[671]: The key's randomart image is:
[   12.134483] cloud-init[671]: +---[DSA 1024]----+
[   12.135039] cloud-init[671]: |  .   .          |
[   12.135598] cloud-init[671]: |   +   o         |
[   12.136170] cloud-init[671]: |  +.  E .        |
[   12.136729] cloud-init[671]: |. =o . .         |
[   12.137284] cloud-init[671]: |o=.==   S        |
[   12.137843] cloud-init[671]: |.=OB.+ .         |
[   12.138412] cloud-init[671]: |+=Xo* +          |
[   12.138965] cloud-init[671]: |+++% =           |
[   12.156229] cloud-init[671]: |.*=.B..          |
[   12.156862] cloud-init[671]: +----[SHA256]-----+
[   12.157536] cloud-init[671]: Generating public/private ecdsa key pair.
[   12.158184] cloud-init[671]: Your identification has been saved in /etc/ssh/ssh_host_ecdsa_key.
[   12.159291] cloud-init[671]: Your public key has been saved in /etc/ssh/ssh_host_ecdsa_key.pub.
[   12.160419] cloud-init[671]: The key fingerprint is:
[   12.161078] cloud-init[671]: SHA256:05dnuJc2so8rdu7AnKpwAJ5AFT8Kec54quu4M5an82Y root@ubuntu-bionic
[   12.162150] cloud-init[671]: The key's randomart image is:
[   12.162834] cloud-init[671]: +---[ECDSA 256]---+
[   12.163454] cloud-init[671]: | ..o.            |
[   12.164041] cloud-init[671]: |. . .            |
[   12.164571] cloud-init[671]: |.o.. o           |
[   12.165166] cloud-init[671]: | o*o. .  .   o   |
[   12.165768] cloud-init[671]: | .o=.   S . + o  |
[   12.166340] cloud-init[671]: |  o  .   + o + . |
[   12.166894] cloud-init[671]: | .. . .   = o =  |
[   12.167489] cloud-init[671]: |=+ E o   .o..* . |
[   12.168070] cloud-init[671]: |BBB.  .... =*o.  |
[   12.168710] cloud-init[671]: +----[SHA256]-----+
[   12.169309] cloud-init[671]: Generating public/private ed25519 key pair.
[   12.169982] cloud-init[671]: Your identification has been saved in /etc/ssh/ssh_host_ed25519_key.
[   12.170861] cloud-init[671]: Your public key has been saved in /etc/ssh/ssh_host_ed25519_key.pub.
[   12.171905] cloud-init[671]: The key fingerprint is:
[   12.172588] cloud-init[671]: SHA256:aP1vlY3ve3BPndSuREIbUqyVgWf/Rn+H3etqHs3mMlA root@ubuntu-bionic
[   12.173676] cloud-init[671]: The key's randomart image is:
[   12.174361] cloud-init[671]: +--[ED25519 256]--+
[   12.174868] cloud-init[671]: |           +oo   |
[   12.175464] cloud-init[671]: |          o O    |
[   12.176108] cloud-init[671]: |           B +  .|
[   12.176701] cloud-init[671]: |       o  . oEo.o|
[   12.177310] cloud-init[671]: |      o S   .o.X=|
[   12.177866] cloud-init[671]: |     .   . .  X.#|
[   12.178335] cloud-init[671]: |          . .+ @=|
[   12.179008] cloud-init[671]: |           ..+=.+|
[   12.179578] cloud-init[671]: |           .+o==+|
[   12.200605] cloud-init[671]: +----[SHA256]-----+
[[0;32m  OK  [0m] Started Initial cloud-init job (metadata service crawler).
[[0;32m  OK  [0m] Reached target Network is Online.
         Starting Availability of block devices...
[[0;32m  OK  [0m] Reached target Remote File Systems (Pre).
[[0;32m  OK  [0m] Reached target Remote File Systems.
[[0;32m  OK  [0m] Reached target Cloud-config availability.
[[0;32m  OK  [0m] Reached target System Initialization.
[[0;32m  OK  [0m] Started ACPI Events Check.
[[0;32m  OK  [0m] Listening on ACPID Listen Socket.
[[0;32m  OK  [0m] Started Daily Cleanup of Temporary Directories.
[[0;32m  OK  [0m] Started Daily apt download activities.
[[0;32m  OK  [0m] Listening on UUID daemon activation socket.
[[0;32m  OK  [0m] Listening on Open-iSCSI iscsid Socket.
[[0;32m  OK  [0m] Started Discard unused blocks once a week.
         Starting LXD - unix socket.
[[0;32m  OK  [0m] Started Message of the Day.
[[0;32m  OK  [0m] Listening on D-Bus System Message Bus Socket.
[[0;32m  OK  [0m] Reached target Paths.
[[0;32m  OK  [0m] Started Daily apt upgrade and clean activities.
[[0;32m  OK  [0m] Reached target Timers.
         Starting Socket activation for snappy daemon.
[[0;32m  OK  [0m] Started Availability of block devices.
[[0;32m  OK  [0m] Listening on LXD - unix socket.
[[0;32m  OK  [0m] Listening on Socket activation for snappy daemon.
[[0;32m  OK  [0m] Reached target Sockets.
[[0;32m  OK  [0m] Reached target Basic System.
[[0;32m  OK  [0m] Started Deferred execution scheduler.
         Starting Pollinate to seed the pseudo random number generator...
[[0;32m  OK  [0m] Started irqbalance daemon.
         Starting Virtualbox guest utils...
         Starting LSB: automatic crash report generation...
         Starting Permit User Sessions...
         Starting LSB: Record successful boot for GRUB...
[[0;32m  OK  [0m] Started D-Bus System Message Bus.
         Starting Snappy daemon...
         Starting System Logging Service...
         Starting Dispatcher daemon for systemd-networkd...
[[0;32m  OK  [0m] Started Regular background program processing daemon.
[[0;32m  OK  [0m] Started FUSE filesystem for LXC.
         Starting Login Service...
         Starting Accounts Service...
         Starting LXD - container startup/shutdown...
[[0;32m  OK  [0m] Started System Logging Service.
[[0;32m  OK  [0m] Started Permit User Sessions.
         Starting Terminate Plymouth Boot Screen...
         Starting Hold until boot process finishes up...
[[0;32m  OK  [0m] Started Hold until boot process finishes up.
[[0;32m  OK  [0m] Started Serial Getty on ttyS0.
         Starting Set console scheme...
[[0;32m  OK  [0m] Started Terminate Plymouth Boot Screen.
[[0;32m  OK  [0m] Started Set console scheme.
[[0;32m  OK  [0m] Created slice system-getty.slice.
[[0;32m  OK  [0m] Started Getty on tty1.
[[0;32m  OK  [0m] Reached target Login Prompts.
[[0;32m  OK  [0m] Started Login Service.
[[0;32m  OK  [0m] Started Unattended Upgrades Shutdown.
[[0;32m  OK  [0m] Started LSB: automatic crash report generation.
[[0;32m  OK  [0m] Started LSB: Record successful boot for GRUB.
         Starting Authorization Manager...
[[0;32m  OK  [0m] Started Virtualbox guest utils.
[[0;32m  OK  [0m] Started LXD - container startup/shutdown.
[[0;32m  OK  [0m] Started Authorization Manager.
[[0;32m  OK  [0m] Started Accounts Service.
[[0;32m  OK  [0m] Started Dispatcher daemon for systemd-networkd.
[[0;32m  OK  [0m] Started Snappy daemon.
         Starting Wait until snapd is fully seeded...
[[0;32m  OK  [0m] Started Pollinate to seed the pseudo random number generator.
         Starting OpenBSD Secure Shell server...
[[0;32m  OK  [0m] Started OpenBSD Secure Shell server.
[[0;32m  OK  [0m] Created slice User Slice of vagrant.
         Starting User Manager for UID 1000...
[[0;32m  OK  [0m] Started Session 1 of user vagrant.
[[0;32m  OK  [0m] Started User Manager for UID 1000.
         Starting Hostname Service...

Ubuntu 18.04.4 LTS node2 ttyS0

node2 login: [   20.828581] cloud-init[1759]: Cloud-init v. 19.4-33-gbb4131a2-0ubuntu1~18.04.1 running 'modules:config' at Tue, 17 Mar 2020 22:06:26 +0000. Up 20.39 seconds.
ci-info: no authorized SSH keys fingerprints found for user ubuntu.
<14>Mar 17 22:06:27 ec2: 
<14>Mar 17 22:06:27 ec2: #############################################################
<14>Mar 17 22:06:27 ec2: -----BEGIN SSH HOST KEY FINGERPRINTS-----
<14>Mar 17 22:06:27 ec2: 1024 SHA256:ir4Yww5eApwb5WPsGOsw8TWQse+w18rQqud1jg5cFS8 root@ubuntu-bionic (DSA)
<14>Mar 17 22:06:27 ec2: 256 SHA256:05dnuJc2so8rdu7AnKpwAJ5AFT8Kec54quu4M5an82Y root@ubuntu-bionic (ECDSA)
<14>Mar 17 22:06:27 ec2: 256 SHA256:aP1vlY3ve3BPndSuREIbUqyVgWf/Rn+H3etqHs3mMlA root@ubuntu-bionic (ED25519)
<14>Mar 17 22:06:27 ec2: 2048 SHA256:2DqHgh5FG9Im6+KsyEg7UquB2v3kGuddWSooE+c4u8A root@ubuntu-bionic (RSA)
<14>Mar 17 22:06:27 ec2: -----END SSH HOST KEY FINGERPRINTS-----
<14>Mar 17 22:06:27 ec2: #############################################################
-----BEGIN SSH HOST KEY KEYS-----
ecdsa-sha2-nistp256 AAAAE2VjZHNhLXNoYTItbmlzdHAyNTYAAAAIbmlzdHAyNTYAAABBBFaneEBICTfQrFbNxEmXKTaFaVh/S5vNFunu3zYzcqy9fJLhXRR54Mt5TO92exheKyvzRYqMGwkvnetF4uOYPj0= root@ubuntu-bionic
ssh-ed25519 AAAAC3NzaC1lZDI1NTE5AAAAIOke7hurso7uCsTfo/hv6L2HH5ydxcJu7Nf3yyTsRvjG root@ubuntu-bionic
ssh-rsa AAAAB3NzaC1yc2EAAAADAQABAAABAQCtyvH+w3PNvgp9BSEy94B4chUXpAOItTLUe7iDcMrk/0n/mA+sfX9OaoahbrkShNV8JOIhY9uu/wYU+ScEUHjpyUnbvNw05piFfzLgtd/NATXvRjXmaA2dkdOMe4a9L/2DcIn7WG3H54uTsqnPXkBmpqr+uCJbrv2Ptw/RSv7XJULP9lnaohMAnWJf6ZS4lP/rRZbYyD/51bkAboF2xGheddiQ1//OnVfQLXczgb7gO0gX/9b3dPUy86ojqZUGFqeLIicfQHFEJaT1vImdMw5+9S/Brceco4fmMKFRPxCVdbD80BfZQjEr0qivDDIz0IDHRLxEamxNMvxiYxWTUb+R root@ubuntu-bionic
-----END SSH HOST KEY KEYS-----
[   21.369614] cloud-init[1898]: Cloud-init v. 19.4-33-gbb4131a2-0ubuntu1~18.04.1 running 'modules:final' at Tue, 17 Mar 2020 22:06:27 +0000. Up 21.21 seconds.
[   21.369716] cloud-init[1898]: ci-info: no authorized SSH keys fingerprints found for user ubuntu.
[   21.370196] cloud-init[1898]: Cloud-init v. 19.4-33-gbb4131a2-0ubuntu1~18.04.1 finished at Tue, 17 Mar 2020 22:06:27 +0000. Datasource D[16731.789021] e1000 0000:00:08.0 enp0s8: Reset adapter
econds
                                                                                                                                                                                                                                                                                                                                                                                                                            [16692.065565] e1000 0000:00:08.0 enp0s8: Reset adapter
